Reading netlist file: "C:\Gowin\projects\KRV32_new_counter\impl\gwsynthesis\KRV32_new_counter.vg"
Parsing netlist file "C:\Gowin\projects\KRV32_new_counter\impl\gwsynthesis\KRV32_new_counter.vg" completed
Processing netlist completed
Reading constraint file: "C:\Gowin\projects\KRV32_new_counter\src\rv32.cst"
Physical Constraint parsed completed
Running placement......
[10%] Placement Phase 0 completed
[20%] Placement Phase 1 completed
[30%] Placement Phase 2 completed
[50%] Placement Phase 3 completed
Running routing......
[60%] Routing Phase 0 completed
[70%] Routing Phase 1 completed
[80%] Routing Phase 2 completed
[90%] Routing Phase 3 completed
Running timing analysis......
[95%] Timing analysis completed
Placement and routing completed
Bitstream generation in progress......
Bitstream generation completed
Running power analysis......
[100%] Power analysis completed
Generate file "C:\Gowin\projects\KRV32_new_counter\impl\pnr\KRV32_new_counter.power.html" completed
Generate file "C:\Gowin\projects\KRV32_new_counter\impl\pnr\KRV32_new_counter.pin.html" completed
Generate file "C:\Gowin\projects\KRV32_new_counter\impl\pnr\KRV32_new_counter.rpt.html" completed
Generate file "C:\Gowin\projects\KRV32_new_counter\impl\pnr\KRV32_new_counter.rpt.txt" completed
Generate file "C:\Gowin\projects\KRV32_new_counter\impl\pnr\KRV32_new_counter.tr.html" completed
Mon Apr 21 10:43:26 2025

